{
  "RSpec": {
    "coverage": {
      "/Users/sgoyette/RoR/Overtime/spec/features/approval_workflow_spec.rb": [
        1,
        null,
        1,
        1,
        2,
        2,
        null,
        null,
        1,
        1,
        2,
        2,
        null,
        null,
        1,
        null,
        1,
        1,
        null,
        1,
        null,
        null,
        1,
        1,
        1,
        1,
        null,
        1,
        null,
        1,
        null,
        null,
        null
      ],
      "/Users/sgoyette/RoR/Overtime/spec/features/post_spec.rb": [
        1,
        null,
        1,
        1,
        12,
        12,
        null,
        null,
        1,
        1,
        3,
        null,
        null,
        1,
        1,
        null,
        null,
        1,
        1,
        null,
        null,
        1,
        1,
        1,
        1,
        1,
        null,
        null,
        null,
        1,
        1,
        1,
        null,
        1,
        1,
        null,
        null,
        null,
        1,
        1,
        1,
        1,
        null,
        1,
        1,
        null,
        null,
        null,
        1,
        1,
        4,
        null,
        null,
        1,
        1,
        null,
        null,
        1,
        1,
        1,
        1,
        null,
        1,
        null,
        null,
        1,
        1,
        1,
        1,
        null,
        1,
        null,
        null,
        1,
        1,
        1,
        null,
        1,
        null,
        null,
        null,
        1,
        1,
        3,
        null,
        null,
        1,
        1,
        null,
        1,
        1,
        null,
        null,
        1,
        1,
        null,
        1,
        1,
        1,
        null,
        1,
        null,
        null,
        1,
        1,
        1,
        1,
        1,
        null,
        1,
        null,
        null,
        null
      ],
      "/Users/sgoyette/RoR/Overtime/spec/features/static_spec.rb": [
        1,
        null,
        1,
        1,
        1,
        1,
        1,
        null,
        null,
        null
      ],
      "/Users/sgoyette/RoR/Overtime/spec/models/post_spec.rb": [
        1,
        null,
        1,
        1,
        1,
        2,
        2,
        null,
        null,
        1,
        1,
        null,
        null,
        1,
        1,
        1,
        1,
        null,
        null,
        null
      ],
      "/Users/sgoyette/RoR/Overtime/app/models/post.rb": [
        1,
        1,
        1,
        1,
        null
      ],
      "/Users/sgoyette/RoR/Overtime/spec/models/user_spec.rb": [
        1,
        null,
        1,
        1,
        3,
        null,
        1,
        1,
        1,
        null,
        null,
        1,
        1,
        1,
        1,
        null,
        null,
        null,
        1,
        1,
        1,
        null,
        null,
        null
      ],
      "/Users/sgoyette/RoR/Overtime/app/controllers/admin/users_controller.rb": [
        1,
        1,
        null,
        null,
        null,
        null,
        null,
        null,
        null,
        null,
        null,
        null,
        null,
        null,
        null,
        null,
        null,
        null,
        null,
        null,
        null
      ],
      "/Users/sgoyette/RoR/Overtime/app/controllers/admin/application_controller.rb": [
        null,
        null,
        null,
        null,
        null,
        null,
        1,
        1,
        2,
        null,
        1,
        1,
        1,
        null,
        1,
        2,
        1,
        null,
        null,
        null,
        null,
        null,
        null,
        null,
        null,
        null,
        null
      ],
      "/Users/sgoyette/RoR/Overtime/app/controllers/application_controller.rb": [
        1,
        1,
        null
      ],
      "/Users/sgoyette/RoR/Overtime/app/controllers/static_controller.rb": [
        1,
        1,
        null,
        null
      ],
      "/Users/sgoyette/RoR/Overtime/app/models/admin_user.rb": [
        1,
        null
      ],
      "/Users/sgoyette/RoR/Overtime/app/dashboards/user_dashboard.rb": [
        1,
        null,
        1,
        1,
        null,
        null,
        null,
        null,
        null,
        null,
        null,
        null,
        null,
        null,
        null,
        null,
        null,
        null,
        null,
        null,
        1,
        null,
        null,
        null,
        null,
        null,
        1,
        null,
        null,
        null,
        null,
        null,
        null,
        null,
        null,
        null,
        null,
        null,
        null,
        null,
        null,
        1,
        null,
        null,
        null,
        null,
        null,
        null
      ],
      "/Users/sgoyette/RoR/Overtime/app/controllers/posts_controller.rb": [
        1,
        1,
        1,
        7,
        null,
        null,
        1,
        5,
        null,
        null,
        1,
        3,
        3,
        null,
        3,
        2,
        null,
        1,
        null,
        null,
        null,
        null,
        1,
        null,
        null,
        1,
        3,
        2,
        null,
        1,
        null,
        null,
        null,
        1,
        null,
        null,
        1,
        1,
        1,
        null,
        null,
        1,
        null,
        1,
        6,
        null,
        null,
        1,
        14,
        null,
        null
      ]
    },
    "timestamp": 1542470760
  }
}
